
[INFO]-----------------start time: Sun Sep 17 18:29:45 2017---------------------
[DEBUG]insert into area values('411421200201', '康庄村委会', 'repair', 'http://www.stats.gov.cn/tjsj/tjbz/tjyqhdmhcxhfdm/2016/41/14/21/411421200.html');
[DEBUG]insert into area values('411421200202', '伯南村委会', 'repair', 'http://www.stats.gov.cn/tjsj/tjbz/tjyqhdmhcxhfdm/2016/41/14/21/411421200.html');
[DEBUG]insert into area values('411421200203', '袁柿元村委会', 'repair', 'http://www.stats.gov.cn/tjsj/tjbz/tjyqhdmhcxhfdm/2016/41/14/21/411421200.html');
[DEBUG]insert into area values('411421200204', '伯西村委会', 'repair', 'http://www.stats.gov.cn/tjsj/tjbz/tjyqhdmhcxhfdm/2016/41/14/21/411421200.html');
[DEBUG]insert into area values('411421200205', '伯东村委会', 'repair', 'http://www.stats.gov.cn/tjsj/tjbz/tjyqhdmhcxhfdm/2016/41/14/21/411421200.html');
[DEBUG]insert into area values('411421200206', '闫庄村委会', 'repair', 'http://www.stats.gov.cn/tjsj/tjbz/tjyqhdmhcxhfdm/2016/41/14/21/411421200.html');
[DEBUG]insert into area values('411421200207', '李洪庄村委会', 'repair', 'http://www.stats.gov.cn/tjsj/tjbz/tjyqhdmhcxhfdm/2016/41/14/21/411421200.html');
[DEBUG]insert into area values('411421200208', '翟庄村委会', 'repair', 'http://www.stats.gov.cn/tjsj/tjbz/tjyqhdmhcxhfdm/2016/41/14/21/411421200.html');
[DEBUG]insert into area values('411421200209', '双楼村委会', 'repair', 'http://www.stats.gov.cn/tjsj/tjbz/tjyqhdmhcxhfdm/2016/41/14/21/411421200.html');
[DEBUG]insert into area values('451424400501', '国营桃城华侨农场总场生活区', 'repair', 'http://www.stats.gov.cn/tjsj/tjbz/tjyqhdmhcxhfdm/2016/45/14/24/451424400.html');
[DEBUG]insert into area values('451424400502', '松洞分场生活区', 'repair', 'http://www.stats.gov.cn/tjsj/tjbz/tjyqhdmhcxhfdm/2016/45/14/24/451424400.html');
[DEBUG]insert into area values('451424400503', '第一分场生活区', 'repair', 'http://www.stats.gov.cn/tjsj/tjbz/tjyqhdmhcxhfdm/2016/45/14/24/451424400.html');
[DEBUG]insert into area values('451424400504', '第二分场生活区', 'repair', 'http://www.stats.gov.cn/tjsj/tjbz/tjyqhdmhcxhfdm/2016/45/14/24/451424400.html');
[DEBUG]insert into area values('451424400505', '第三分场生活区', 'repair', 'http://www.stats.gov.cn/tjsj/tjbz/tjyqhdmhcxhfdm/2016/45/14/24/451424400.html');
[DEBUG]insert into area values('451424400506', '松洞坪分场生活区', 'repair', 'http://www.stats.gov.cn/tjsj/tjbz/tjyqhdmhcxhfdm/2016/45/14/24/451424400.html');
[DEBUG]insert into area values('451424400507', '灵熬分场生活区', 'repair', 'http://www.stats.gov.cn/tjsj/tjbz/tjyqhdmhcxhfdm/2016/45/14/24/451424400.html');
[DEBUG]insert into area values('451424400508', '左安分场生活区', 'repair', 'http://www.stats.gov.cn/tjsj/tjbz/tjyqhdmhcxhfdm/2016/45/14/24/451424400.html');
[DEBUG]insert into area values('451424400509', '新民分场生活区', 'repair', 'http://www.stats.gov.cn/tjsj/tjbz/tjyqhdmhcxhfdm/2016/45/14/24/451424400.html');
[DEBUG]insert into area values('451424400510', '排屯分场生活区', 'repair', 'http://www.stats.gov.cn/tjsj/tjbz/tjyqhdmhcxhfdm/2016/45/14/24/451424400.html');
[DEBUG]insert into area values('451424400511', '安平分场生活区', 'repair', 'http://www.stats.gov.cn/tjsj/tjbz/tjyqhdmhcxhfdm/2016/45/14/24/451424400.html');
[INFO]-----------------end time: Sun Sep 17 18:29:45 2017---------------------